2026-07-22 22:17:24,389 | INFO     | cv_module.events | Событие evt_026524: smoke (0.85)
2026-07-22 22:17:24,822 | INFO     | cv_module.events | Событие evt_026525: person (0.93)
2026-07-22 22:17:25,103 | INFO     | cv_module.events | Событие evt_026526: person (0.91)
2026-07-22 22:17:25,320 | INFO     | cv_module.events | Событие evt_026527: person (0.93)
2026-07-22 22:17:25,787 | INFO     | cv_module.events | Событие evt_026528: person (0.93)
2026-07-22 22:17:26,274 | INFO     | cv_module.events | Событие evt_026529: person (0.91)
2026-07-22 22:17:26,627 | INFO     | cv_module.events | Событие evt_026530: person (0.90)
2026-07-22 22:17:27,330 | INFO     | cv_module.events | Событие evt_026531: smoke (0.84)
2026-07-22 22:17:27,471 | INFO     | cv_module.events | Событие evt_026532: vehicle (0.68)
2026-07-22 22:17:28,000 | INFO     | cv_module.events | Событие evt_026533: person (0.79)
2026-07-22 22:17:28,670 | INFO     | cv_module.events | Событие evt_026534: person (0.91)
2026-07-22 22:17:28,805 | INFO     | cv_module.events | Событие evt_026535: person (0.84)
2026-07-22 22:17:29,071 | INFO     | cv_module.events | Событие evt_026536: person (0.83)
2026-07-22 22:17:29,541 | INFO     | cv_module.events | Событие evt_026537: person (0.88)
2026-07-22 22:17:29,610 | INFO     | cv_module.events | Событие evt_026538: smoke (0.89)
2026-07-22 22:17:29,835 | INFO     | cv_module.events | Событие evt_026539: person (0.86)
2026-07-22 22:17:30,108 | INFO     | cv_module.events | Событие evt_026540: person (0.83)
2026-07-22 22:17:30,663 | INFO     | cv_module.events | Событие evt_026541: person (0.73)
2026-07-22 22:17:30,808 | INFO     | cv_module.events | Событие evt_026542: person (0.81)
2026-07-22 22:17:31,017 | INFO     | cv_module.events | Событие evt_026543: person (0.80)
2026-07-22 22:17:31,022 | INFO     | cv_module.events | Событие evt_026544: no_helmet (0.85)
2026-07-22 22:17:31,221 | INFO     | cv_module.events | Событие evt_026545: person (0.85)
2026-07-22 22:17:31,966 | INFO     | cv_module.events | Событие evt_026546: person (0.81)
2026-07-22 22:17:33,139 | INFO     | cv_module.events | Событие evt_026547: smoke (0.92)
2026-07-22 22:17:34,580 | INFO     | cv_module.events | Событие evt_026548: person (0.70)
2026-07-22 22:17:34,854 | INFO     | cv_module.events | Событие evt_026549: person (0.77)
2026-07-22 22:17:36,305 | INFO     | cv_module.events | Событие evt_026550: person (0.77)
2026-07-22 22:17:36,453 | INFO     | cv_module.pipeline | Обработка на паузе
2026-07-22 22:17:39,424 | INFO     | cv_module.pipeline | Обработка возобновлена: C:\Users\16092007\SCANX\lichee-pi-4a-cv\videos\demo.mp4
2026-07-22 22:17:39,523 | INFO     | cv_module.events | Событие evt_026551: person (0.81)
2026-07-22 22:17:39,528 | INFO     | cv_module.events | Событие evt_026552: vehicle (0.15)
2026-07-22 22:17:39,532 | INFO     | cv_module.events | Событие evt_026553: vehicle (0.07)
2026-07-22 22:17:39,536 | INFO     | cv_module.events | Событие evt_026554: smoke (0.50)
2026-07-22 22:17:39,539 | INFO     | cv_module.events | Событие evt_026555: smoke (0.52)
2026-07-22 22:17:39,543 | INFO     | cv_module.events | Событие evt_026556: smoke (0.51)
2026-07-22 22:17:39,546 | INFO     | cv_module.events | Событие evt_026557: smoke (0.51)
2026-07-22 22:17:39,549 | INFO     | cv_module.events | Событие evt_026558: water (0.48)
2026-07-22 22:17:39,626 | INFO     | cv_module.events | Событие evt_026559: vehicle (0.51)
2026-07-22 22:17:39,631 | INFO     | cv_module.events | Событие evt_026560: water (0.46)
2026-07-22 22:17:39,635 | INFO     | cv_module.events | Событие evt_026561: water (0.48)
2026-07-22 22:17:39,712 | INFO     | cv_module.events | Событие evt_026562: person (0.71)
2026-07-22 22:17:39,929 | INFO     | cv_module.events | Событие evt_026563: person (0.78)
2026-07-22 22:17:40,002 | INFO     | cv_module.events | Событие evt_026564: water (0.47)
2026-07-22 22:17:40,147 | INFO     | cv_module.events | Событие evt_026565: smoke (0.50)
2026-07-22 22:17:40,229 | INFO     | cv_module.events | Событие evt_026566: water (0.47)
2026-07-22 22:17:40,374 | INFO     | cv_module.events | Событие evt_026567: vehicle (0.09)
2026-07-22 22:17:40,378 | INFO     | cv_module.events | Событие evt_026568: smoke (0.95)
2026-07-22 22:17:40,383 | INFO     | cv_module.events | Событие evt_026569: smoke (0.51)
2026-07-22 22:17:40,523 | INFO     | cv_module.events | Событие evt_026570: vehicle (0.07)
2026-07-22 22:17:40,590 | INFO     | cv_module.events | Событие evt_026571: person (0.84)
2026-07-22 22:17:40,595 | INFO     | cv_module.events | Событие evt_026572: smoke (0.52)
2026-07-22 22:17:40,677 | INFO     | cv_module.events | Событие evt_026573: vehicle (0.19)
2026-07-22 22:17:40,824 | INFO     | cv_module.events | Событие evt_026574: vehicle (0.09)
2026-07-22 22:17:40,903 | INFO     | cv_module.events | Событие evt_026575: person (0.85)
2026-07-22 22:17:40,907 | INFO     | cv_module.events | Событие evt_026576: smoke (0.51)
2026-07-22 22:17:40,911 | INFO     | cv_module.events | Событие evt_026577: smoke (0.51)
2026-07-22 22:17:40,915 | INFO     | cv_module.events | Событие evt_026578: smoke (0.51)
2026-07-22 22:17:41,056 | INFO     | cv_module.events | Событие evt_026579: vehicle (0.08)
2026-07-22 22:17:41,061 | INFO     | cv_module.events | Событие evt_026580: smoke (0.52)
2026-07-22 22:17:41,066 | INFO     | cv_module.events | Событие evt_026581: water (0.46)
2026-07-22 22:17:41,070 | INFO     | cv_module.events | Событие evt_026582: water (0.48)
2026-07-22 22:17:41,144 | INFO     | cv_module.events | Событие evt_026583: vehicle (0.58)
2026-07-22 22:17:41,148 | INFO     | cv_module.events | Событие evt_026584: water (0.46)
2026-07-22 22:17:41,293 | INFO     | cv_module.events | Событие evt_026585: water (0.47)
2026-07-22 22:17:41,367 | INFO     | cv_module.events | Событие evt_026586: vehicle (0.12)
2026-07-22 22:17:41,371 | INFO     | cv_module.events | Событие evt_026587: smoke (0.50)
2026-07-22 22:17:41,579 | INFO     | cv_module.events | Событие evt_026588: person (0.81)
2026-07-22 22:17:41,583 | INFO     | cv_module.events | Событие evt_026589: smoke (0.94)
2026-07-22 22:17:41,586 | INFO     | cv_module.events | Событие evt_026590: smoke (0.50)
2026-07-22 22:17:41,792 | INFO     | cv_module.events | Событие evt_026591: water (0.47)
2026-07-22 22:17:41,867 | INFO     | cv_module.events | Событие evt_026592: person (0.66)
2026-07-22 22:17:41,872 | INFO     | cv_module.events | Событие evt_026593: smoke (0.94)
2026-07-22 22:17:41,876 | INFO     | cv_module.events | Событие evt_026594: smoke (0.51)
2026-07-22 22:17:41,880 | INFO     | cv_module.events | Событие evt_026595: water (0.46)
2026-07-22 22:17:41,954 | INFO     | cv_module.events | Событие evt_026596: person (0.24)
2026-07-22 22:17:41,958 | INFO     | cv_module.events | Событие evt_026597: smoke (0.95)
2026-07-22 22:17:42,030 | INFO     | cv_module.events | Событие evt_026598: vehicle (0.09)
2026-07-22 22:17:42,034 | INFO     | cv_module.events | Событие evt_026599: smoke (0.51)
2026-07-22 22:17:42,037 | INFO     | cv_module.events | Событие evt_026600: water (0.46)
2026-07-22 22:17:42,181 | INFO     | cv_module.events | Событие evt_026601: person (0.24)
2026-07-22 22:17:42,185 | INFO     | cv_module.events | Событие evt_026602: smoke (0.50)
2026-07-22 22:17:42,189 | INFO     | cv_module.events | Событие evt_026603: water (0.46)
2026-07-22 22:17:42,261 | INFO     | cv_module.events | Событие evt_026604: vehicle (0.63)
2026-07-22 22:17:42,265 | INFO     | cv_module.events | Событие evt_026605: smoke (0.95)
2026-07-22 22:17:42,269 | INFO     | cv_module.events | Событие evt_026606: smoke (0.51)
2026-07-22 22:17:42,334 | INFO     | cv_module.events | Событие evt_026607: person (0.79)
2026-07-22 22:17:42,338 | INFO     | cv_module.events | Событие evt_026608: vehicle (0.17)
2026-07-22 22:17:42,408 | INFO     | cv_module.events | Событие evt_026609: vehicle (0.07)
2026-07-22 22:17:42,413 | INFO     | cv_module.events | Событие evt_026610: smoke (0.97)
2026-07-22 22:17:42,487 | INFO     | cv_module.events | Событие evt_026611: person (0.12)
2026-07-22 22:17:42,491 | INFO     | cv_module.events | Событие evt_026612: smoke (0.50)
2026-07-22 22:17:42,637 | INFO     | cv_module.events | Событие evt_026613: person (0.68)
2026-07-22 22:17:42,641 | INFO     | cv_module.events | Событие evt_026614: vehicle (0.09)
2026-07-22 22:17:42,645 | INFO     | cv_module.events | Событие evt_026615: no_helmet (0.85)
2026-07-22 22:17:42,649 | INFO     | cv_module.events | Событие evt_026616: water (0.47)
2026-07-22 22:17:42,722 | INFO     | cv_module.events | Событие evt_026617: vehicle (0.07)
2026-07-22 22:17:42,726 | INFO     | cv_module.events | Событие evt_026618: smoke (0.50)
2026-07-22 22:17:42,730 | INFO     | cv_module.events | Событие evt_026619: water (0.47)
2026-07-22 22:17:42,801 | INFO     | cv_module.events | Событие evt_026620: person (0.86)
2026-07-22 22:17:42,805 | INFO     | cv_module.events | Событие evt_026621: vehicle (0.17)
2026-07-22 22:17:42,809 | INFO     | cv_module.events | Событие evt_026622: smoke (0.50)
2026-07-22 22:17:42,812 | INFO     | cv_module.events | Событие evt_026623: smoke (0.50)
2026-07-22 22:17:42,816 | INFO     | cv_module.events | Событие evt_026624: smoke (0.51)
2026-07-22 22:17:42,891 | INFO     | cv_module.events | Событие evt_026625: vehicle (0.63)
2026-07-22 22:17:42,895 | INFO     | cv_module.events | Событие evt_026626: person (0.16)
2026-07-22 22:17:42,899 | INFO     | cv_module.events | Событие evt_026627: person (0.07)
2026-07-22 22:17:42,903 | INFO     | cv_module.events | Событие evt_026628: smoke (0.51)
2026-07-22 22:17:42,971 | INFO     | cv_module.events | Событие evt_026629: person (0.83)
2026-07-22 22:17:42,976 | INFO     | cv_module.events | Событие evt_026630: vehicle (0.19)
2026-07-22 22:17:42,979 | INFO     | cv_module.events | Событие evt_026631: no_helmet (0.86)
2026-07-22 22:17:42,983 | INFO     | cv_module.events | Событие evt_026632: smoke (0.95)
2026-07-22 22:17:42,987 | INFO     | cv_module.events | Событие evt_026633: smoke (0.53)
2026-07-22 22:17:42,990 | INFO     | cv_module.events | Событие evt_026634: water (0.49)
2026-07-22 22:17:43,134 | INFO     | cv_module.events | Событие evt_026635: person (0.89)
2026-07-22 22:17:43,139 | INFO     | cv_module.events | Событие evt_026636: smoke (0.51)
2026-07-22 22:17:43,143 | INFO     | cv_module.events | Событие evt_026637: smoke (0.50)
2026-07-22 22:17:43,147 | INFO     | cv_module.events | Событие evt_026638: smoke (0.51)
2026-07-22 22:17:43,151 | INFO     | cv_module.events | Событие evt_026639: smoke (0.96)
2026-07-22 22:17:43,222 | INFO     | cv_module.events | Событие evt_026640: vehicle (0.11)
2026-07-22 22:17:43,226 | INFO     | cv_module.events | Событие evt_026641: smoke (0.51)
2026-07-22 22:17:43,229 | INFO     | cv_module.events | Событие evt_026642: smoke (0.50)
2026-07-22 22:17:43,233 | INFO     | cv_module.events | Событие evt_026643: water (0.49)
2026-07-22 22:17:43,310 | INFO     | cv_module.events | Событие evt_026644: vehicle (0.09)
2026-07-22 22:17:43,315 | INFO     | cv_module.events | Событие evt_026645: smoke (0.50)
2026-07-22 22:17:43,320 | INFO     | cv_module.events | Событие evt_026646: smoke (0.93)
2026-07-22 22:17:43,324 | INFO     | cv_module.events | Событие evt_026647: smoke (0.51)
2026-07-22 22:17:43,328 | INFO     | cv_module.events | Событие evt_026648: smoke (0.51)
2026-07-22 22:17:43,400 | INFO     | cv_module.events | Событие evt_026649: vehicle (0.65)
2026-07-22 22:17:43,405 | INFO     | cv_module.events | Событие evt_026650: smoke (0.50)
2026-07-22 22:17:43,409 | INFO     | cv_module.events | Событие evt_026651: smoke (0.51)
2026-07-22 22:17:43,481 | INFO     | cv_module.events | Событие evt_026652: person (0.84)
2026-07-22 22:17:43,485 | INFO     | cv_module.events | Событие evt_026653: vehicle (0.13)
2026-07-22 22:17:43,488 | INFO     | cv_module.events | Событие evt_026654: smoke (0.93)
2026-07-22 22:17:43,562 | INFO     | cv_module.events | Событие evt_026655: vehicle (0.10)
2026-07-22 22:17:43,566 | INFO     | cv_module.events | Событие evt_026656: smoke (0.50)
2026-07-22 22:17:43,570 | INFO     | cv_module.events | Событие evt_026657: smoke (0.51)
2026-07-22 22:17:43,640 | INFO     | cv_module.events | Событие evt_026658: smoke (0.94)
2026-07-22 22:17:43,644 | INFO     | cv_module.events | Событие evt_026659: water (0.47)
2026-07-22 22:17:43,714 | INFO     | cv_module.events | Событие evt_026660: person (0.86)
2026-07-22 22:17:43,718 | INFO     | cv_module.events | Событие evt_026661: smoke (0.50)
2026-07-22 22:17:43,722 | INFO     | cv_module.events | Событие evt_026662: smoke (0.50)
2026-07-22 22:17:43,791 | INFO     | cv_module.events | Событие evt_026663: vehicle (0.08)
2026-07-22 22:17:43,796 | INFO     | cv_module.events | Событие evt_026664: vehicle (0.08)
2026-07-22 22:17:43,801 | INFO     | cv_module.events | Событие evt_026665: smoke (0.51)
2026-07-22 22:17:43,804 | INFO     | cv_module.events | Событие evt_026666: water (0.46)
2026-07-22 22:17:43,878 | INFO     | cv_module.events | Событие evt_026667: water (0.47)
2026-07-22 22:17:43,956 | INFO     | cv_module.events | Событие evt_026668: smoke (0.51)
2026-07-22 22:17:43,960 | INFO     | cv_module.events | Событие evt_026669: smoke (0.51)
2026-07-22 22:17:44,031 | INFO     | cv_module.events | Событие evt_026670: vehicle (0.64)
2026-07-22 22:17:44,035 | INFO     | cv_module.events | Событие evt_026671: smoke (0.50)
2026-07-22 22:17:44,040 | INFO     | cv_module.events | Событие evt_026672: smoke (0.97)
2026-07-22 22:17:44,110 | INFO     | cv_module.events | Событие evt_026673: person (0.85)
2026-07-22 22:17:44,115 | INFO     | cv_module.events | Событие evt_026674: smoke (0.93)
2026-07-22 22:17:44,119 | INFO     | cv_module.events | Событие evt_026675: smoke (0.54)
2026-07-22 22:17:44,122 | INFO     | cv_module.events | Событие evt_026676: water (0.48)
2026-07-22 22:17:44,192 | INFO     | cv_module.events | Событие evt_026677: vehicle (0.08)
2026-07-22 22:17:44,198 | INFO     | cv_module.events | Событие evt_026678: smoke (0.51)
2026-07-22 22:17:44,202 | INFO     | cv_module.events | Событие evt_026679: water (0.48)
2026-07-22 22:17:44,275 | INFO     | cv_module.events | Событие evt_026680: smoke (0.50)
2026-07-22 22:17:44,279 | INFO     | cv_module.events | Событие evt_026681: smoke (0.50)
2026-07-22 22:17:44,283 | INFO     | cv_module.events | Событие evt_026682: smoke (0.52)
2026-07-22 22:17:44,357 | INFO     | cv_module.events | Событие evt_026683: smoke (0.52)
2026-07-22 22:17:44,435 | INFO     | cv_module.events | Событие evt_026684: vehicle (0.11)
2026-07-22 22:17:44,439 | INFO     | cv_module.events | Событие evt_026685: smoke (0.51)
2026-07-22 22:17:44,515 | INFO     | cv_module.events | Событие evt_026686: person (0.11)
2026-07-22 22:17:44,520 | INFO     | cv_module.events | Событие evt_026687: smoke (0.94)
2026-07-22 22:17:44,524 | INFO     | cv_module.events | Событие evt_026688: smoke (0.50)
2026-07-22 22:17:44,598 | INFO     | cv_module.events | Событие evt_026689: person (0.51)
2026-07-22 22:17:44,604 | INFO     | cv_module.events | Событие evt_026690: no_helmet (0.85)
2026-07-22 22:17:44,607 | INFO     | cv_module.events | Событие evt_026691: smoke (0.51)
2026-07-22 22:17:44,611 | INFO     | cv_module.events | Событие evt_026692: smoke (0.51)
2026-07-22 22:17:44,686 | INFO     | cv_module.events | Событие evt_026693: vehicle (0.61)
2026-07-22 22:17:44,691 | INFO     | cv_module.events | Событие evt_026694: vehicle (0.07)
2026-07-22 22:17:44,697 | INFO     | cv_module.events | Событие evt_026695: smoke (0.50)
2026-07-22 22:17:44,701 | INFO     | cv_module.events | Событие evt_026696: smoke (0.50)
2026-07-22 22:17:44,705 | INFO     | cv_module.events | Событие evt_026697: smoke (0.51)
2026-07-22 22:17:44,709 | INFO     | cv_module.events | Событие evt_026698: water (0.48)
2026-07-22 22:17:44,780 | INFO     | cv_module.events | Событие evt_026699: person (0.90)
2026-07-22 22:17:44,785 | INFO     | cv_module.events | Событие evt_026700: vehicle (0.09)
2026-07-22 22:17:44,789 | INFO     | cv_module.events | Событие evt_026701: smoke (0.95)
2026-07-22 22:17:44,794 | INFO     | cv_module.events | Событие evt_026702: smoke (0.50)
2026-07-22 22:17:44,800 | INFO     | cv_module.events | Событие evt_026703: smoke (0.50)
2026-07-22 22:17:44,805 | INFO     | cv_module.events | Событие evt_026704: smoke (0.51)
2026-07-22 22:17:44,875 | INFO     | cv_module.events | Событие evt_026705: smoke (0.51)
2026-07-22 22:17:44,879 | INFO     | cv_module.events | Событие evt_026706: water (0.47)
2026-07-22 22:17:44,953 | INFO     | cv_module.events | Событие evt_026707: person (0.87)
2026-07-22 22:17:45,030 | INFO     | cv_module.events | Событие evt_026708: smoke (0.52)
2026-07-22 22:17:45,109 | INFO     | cv_module.events | Событие evt_026709: smoke (0.51)
2026-07-22 22:17:45,187 | INFO     | cv_module.events | Событие evt_026710: vehicle (0.09)
2026-07-22 22:17:45,267 | INFO     | cv_module.events | Событие evt_026711: vehicle (0.11)
2026-07-22 22:17:45,272 | INFO     | cv_module.events | Событие evt_026712: water (0.47)
2026-07-22 22:17:45,348 | INFO     | cv_module.events | Событие evt_026713: vehicle (0.08)
2026-07-22 22:17:45,353 | INFO     | cv_module.events | Событие evt_026714: smoke (0.96)
2026-07-22 22:17:45,357 | INFO     | cv_module.events | Событие evt_026715: smoke (0.51)
2026-07-22 22:17:45,362 | INFO     | cv_module.events | Событие evt_026716: water (0.48)
2026-07-22 22:17:45,440 | INFO     | cv_module.events | Событие evt_026717: vehicle (0.63)
2026-07-22 22:17:45,445 | INFO     | cv_module.events | Событие evt_026718: smoke (0.50)
2026-07-22 22:17:45,518 | INFO     | cv_module.events | Событие evt_026719: smoke (0.97)
2026-07-22 22:17:45,592 | INFO     | cv_module.events | Событие evt_026720: person (0.91)
2026-07-22 22:17:45,597 | INFO     | cv_module.events | Событие evt_026721: vehicle (0.09)
2026-07-22 22:17:45,601 | INFO     | cv_module.events | Событие evt_026722: person (0.07)
2026-07-22 22:17:45,605 | INFO     | cv_module.events | Событие evt_026723: smoke (0.50)
2026-07-22 22:17:45,609 | INFO     | cv_module.events | Событие evt_026724: smoke (0.94)
2026-07-22 22:17:45,615 | INFO     | cv_module.events | Событие evt_026725: smoke (0.50)
2026-07-22 22:17:45,619 | INFO     | cv_module.events | Событие evt_026726: smoke (0.52)
2026-07-22 22:17:45,623 | INFO     | cv_module.events | Событие evt_026727: smoke (0.51)
2026-07-22 22:17:45,697 | INFO     | cv_module.events | Событие evt_026728: vehicle (0.07)
2026-07-22 22:17:45,703 | INFO     | cv_module.events | Событие evt_026729: smoke (0.50)
2026-07-22 22:17:45,707 | INFO     | cv_module.events | Событие evt_026730: smoke (0.51)
2026-07-22 22:17:45,782 | INFO     | cv_module.events | Событие evt_026731: person (0.58)
2026-07-22 22:17:45,786 | INFO     | cv_module.events | Событие evt_026732: smoke (0.50)
2026-07-22 22:17:45,790 | INFO     | cv_module.events | Событие evt_026733: smoke (0.50)
2026-07-22 22:17:45,794 | INFO     | cv_module.events | Событие evt_026734: water (0.48)
2026-07-22 22:17:45,876 | INFO     | cv_module.events | Событие evt_026735: smoke (0.52)
2026-07-22 22:17:45,882 | INFO     | cv_module.events | Событие evt_026736: smoke (0.51)
2026-07-22 22:17:46,027 | INFO     | cv_module.events | Событие evt_026737: smoke (0.52)
2026-07-22 22:17:46,103 | INFO     | cv_module.events | Событие evt_026738: vehicle (0.59)
2026-07-22 22:17:46,107 | INFO     | cv_module.events | Событие evt_026739: smoke (0.51)
2026-07-22 22:17:46,112 | INFO     | cv_module.events | Событие evt_026740: water (0.47)
2026-07-22 22:17:46,188 | INFO     | cv_module.events | Событие evt_026741: smoke (0.96)
2026-07-22 22:17:46,264 | INFO     | cv_module.events | Событие evt_026742: vehicle (0.07)
2026-07-22 22:17:46,270 | INFO     | cv_module.events | Событие evt_026743: smoke (0.51)
2026-07-22 22:17:46,348 | INFO     | cv_module.events | Событие evt_026744: smoke (0.50)
2026-07-22 22:17:46,714 | INFO     | cv_module.events | Событие evt_026745: smoke (0.95)
2026-07-22 22:17:46,718 | INFO     | cv_module.events | Событие evt_026746: smoke (0.53)
2026-07-22 22:17:46,798 | INFO     | cv_module.events | Событие evt_026747: smoke (0.95)
2026-07-22 22:17:46,803 | INFO     | cv_module.events | Событие evt_026748: water (0.46)
2026-07-22 22:17:46,878 | INFO     | cv_module.events | Событие evt_026749: vehicle (0.09)
2026-07-22 22:17:46,883 | INFO     | cv_module.events | Событие evt_026750: smoke (0.51)
2026-07-22 22:17:46,887 | INFO     | cv_module.events | Событие evt_026751: smoke (0.51)
2026-07-22 22:17:46,891 | INFO     | cv_module.events | Событие evt_026752: water (0.46)
2026-07-22 22:17:46,972 | INFO     | cv_module.events | Событие evt_026753: person (0.83)
2026-07-22 22:17:47,049 | INFO     | cv_module.events | Событие evt_026754: smoke (0.50)
2026-07-22 22:17:47,055 | INFO     | cv_module.events | Событие evt_026755: smoke (0.52)
2026-07-22 22:17:47,060 | INFO     | cv_module.events | Событие evt_026756: water (0.47)
2026-07-22 22:17:47,135 | INFO     | cv_module.events | Событие evt_026757: smoke (0.51)
2026-07-22 22:17:47,213 | INFO     | cv_module.events | Событие evt_026758: person (0.92)
2026-07-22 22:17:47,218 | INFO     | cv_module.events | Событие evt_026759: vehicle (0.53)
2026-07-22 22:17:47,295 | INFO     | cv_module.events | Событие evt_026760: water (0.47)
2026-07-22 22:17:47,373 | INFO     | cv_module.events | Событие evt_026761: smoke (0.50)
2026-07-22 22:17:47,378 | INFO     | cv_module.events | Событие evt_026762: smoke (0.50)
2026-07-22 22:17:47,384 | INFO     | cv_module.events | Событие evt_026763: smoke (0.96)
2026-07-22 22:17:47,461 | INFO     | cv_module.events | Событие evt_026764: vehicle (0.08)
2026-07-22 22:17:47,540 | INFO     | cv_module.events | Событие evt_026765: person (0.65)
2026-07-22 22:17:47,544 | INFO     | cv_module.events | Событие evt_026766: smoke (0.51)
2026-07-22 22:17:47,548 | INFO     | cv_module.events | Событие evt_026767: water (0.47)
2026-07-22 22:17:47,622 | INFO     | cv_module.events | Событие evt_026768: smoke (0.51)
2026-07-22 22:17:47,626 | INFO     | cv_module.events | Событие evt_026769: smoke (0.94)
2026-07-22 22:17:47,705 | INFO     | cv_module.events | Событие evt_026770: person (0.85)
2026-07-22 22:17:47,711 | INFO     | cv_module.events | Событие evt_026771: smoke (0.50)
2026-07-22 22:17:47,715 | INFO     | cv_module.events | Событие evt_026772: smoke (0.51)
2026-07-22 22:17:47,721 | INFO     | cv_module.events | Событие evt_026773: smoke (0.51)
2026-07-22 22:17:47,725 | INFO     | cv_module.events | Событие evt_026774: water (0.47)
2026-07-22 22:17:47,803 | INFO     | cv_module.events | Событие evt_026775: smoke (0.51)
2026-07-22 22:17:48,043 | INFO     | cv_module.events | Событие evt_026776: person (0.92)
2026-07-22 22:17:48,049 | INFO     | cv_module.events | Событие evt_026777: vehicle (0.44)
2026-07-22 22:17:48,053 | INFO     | cv_module.events | Событие evt_026778: smoke (0.53)
2026-07-22 22:17:48,057 | INFO     | cv_module.events | Событие evt_026779: smoke (0.51)
2026-07-22 22:17:48,062 | INFO     | cv_module.events | Событие evt_026780: water (0.49)
2026-07-22 22:17:48,140 | INFO     | cv_module.events | Событие evt_026781: vehicle (0.71)
2026-07-22 22:17:48,145 | INFO     | cv_module.events | Событие evt_026782: smoke (0.90)
2026-07-22 22:17:48,225 | INFO     | cv_module.events | Событие evt_026783: smoke (0.51)
2026-07-22 22:17:48,301 | INFO     | cv_module.events | Событие evt_026784: vehicle (0.08)
2026-07-22 22:17:48,306 | INFO     | cv_module.events | Событие evt_026785: smoke (0.50)
2026-07-22 22:17:48,311 | INFO     | cv_module.events | Событие evt_026786: smoke (0.50)
2026-07-22 22:17:48,384 | INFO     | cv_module.events | Событие evt_026787: vehicle (0.07)
2026-07-22 22:17:48,390 | INFO     | cv_module.events | Событие evt_026788: smoke (0.51)
2026-07-22 22:17:48,633 | INFO     | cv_module.events | Событие evt_026789: vehicle (0.16)
2026-07-22 22:17:48,638 | INFO     | cv_module.events | Событие evt_026790: vehicle (0.08)
2026-07-22 22:17:48,643 | INFO     | cv_module.events | Событие evt_026791: smoke (0.86)
2026-07-22 22:17:48,647 | INFO     | cv_module.events | Событие evt_026792: smoke (0.54)
2026-07-22 22:17:48,731 | INFO     | cv_module.events | Событие evt_026793: smoke (0.85)
2026-07-22 22:17:48,737 | INFO     | cv_module.events | Событие evt_026794: smoke (0.52)
2026-07-22 22:17:48,741 | INFO     | cv_module.events | Событие evt_026795: water (0.49)
2026-07-22 22:17:48,816 | INFO     | cv_module.events | Событие evt_026796: water (0.48)
2026-07-22 22:17:48,899 | INFO     | cv_module.events | Событие evt_026797: person (0.91)
2026-07-22 22:17:48,905 | INFO     | cv_module.events | Событие evt_026798: vehicle (0.48)
2026-07-22 22:17:48,911 | INFO     | cv_module.events | Событие evt_026799: smoke (0.53)
2026-07-22 22:17:48,915 | INFO     | cv_module.events | Событие evt_026800: smoke (0.51)
2026-07-22 22:17:48,990 | INFO     | cv_module.events | Событие evt_026801: smoke (0.51)
2026-07-22 22:17:48,996 | INFO     | cv_module.events | Событие evt_026802: smoke (0.53)
2026-07-22 22:17:49,077 | INFO     | cv_module.events | Событие evt_026803: vehicle (0.71)
2026-07-22 22:17:49,158 | INFO     | cv_module.events | Событие evt_026804: water (0.48)
2026-07-22 22:17:49,236 | INFO     | cv_module.events | Событие evt_026805: smoke (0.50)
2026-07-22 22:17:49,241 | INFO     | cv_module.events | Событие evt_026806: smoke (0.50)
2026-07-22 22:17:49,246 | INFO     | cv_module.events | Событие evt_026807: smoke (0.88)
2026-07-22 22:17:49,273 | INFO     | cv_module.events | Событие evt_026808: smoke (0.50)
2026-07-22 22:17:49,279 | INFO     | cv_module.events | Событие evt_026809: water (0.48)
2026-07-22 22:17:49,360 | INFO     | cv_module.events | Событие evt_026810: smoke (0.51)
2026-07-22 22:17:49,436 | INFO     | cv_module.events | Событие evt_026811: water (0.48)
2026-07-22 22:17:49,515 | INFO     | cv_module.events | Событие evt_026812: person (0.91)
2026-07-22 22:17:49,520 | INFO     | cv_module.events | Событие evt_026813: smoke (0.52)
2026-07-22 22:17:49,594 | INFO     | cv_module.events | Событие evt_026814: person (0.91)
2026-07-22 22:17:49,599 | INFO     | cv_module.events | Событие evt_026815: smoke (0.51)
2026-07-22 22:17:49,603 | INFO     | cv_module.events | Событие evt_026816: water (0.49)
2026-07-22 22:17:49,685 | INFO     | cv_module.events | Событие evt_026817: smoke (0.50)
2026-07-22 22:17:49,691 | INFO     | cv_module.events | Событие evt_026818: smoke (0.51)
2026-07-22 22:17:49,771 | INFO     | cv_module.events | Событие evt_026819: vehicle (0.45)
2026-07-22 22:17:49,777 | INFO     | cv_module.events | Событие evt_026820: water (0.50)
2026-07-22 22:17:49,857 | INFO     | cv_module.events | Событие evt_026821: person (0.93)
2026-07-22 22:17:49,863 | INFO     | cv_module.events | Событие evt_026822: smoke (0.51)
2026-07-22 22:17:49,943 | INFO     | cv_module.events | Событие evt_026823: smoke (0.83)
2026-07-22 22:17:49,948 | INFO     | cv_module.events | Событие evt_026824: smoke (0.53)
2026-07-22 22:17:50,032 | INFO     | cv_module.events | Событие evt_026825: vehicle (0.44)
2026-07-22 22:17:50,038 | INFO     | cv_module.events | Событие evt_026826: smoke (0.51)
2026-07-22 22:17:50,044 | INFO     | cv_module.events | Событие evt_026827: smoke (0.50)
2026-07-22 22:17:50,049 | INFO     | cv_module.events | Событие evt_026828: smoke (0.51)
2026-07-22 22:17:50,054 | INFO     | cv_module.events | Событие evt_026829: smoke (0.50)
2026-07-22 22:17:50,346 | INFO     | cv_module.events | Событие evt_026830: smoke (0.84)
2026-07-22 22:17:50,351 | INFO     | cv_module.events | Событие evt_026831: smoke (0.51)
2026-07-22 22:17:50,432 | INFO     | cv_module.events | Событие evt_026832: person (0.93)
2026-07-22 22:17:50,438 | INFO     | cv_module.events | Событие evt_026833: smoke (0.51)
2026-07-22 22:17:50,522 | INFO     | cv_module.events | Событие evt_026834: smoke (0.87)
2026-07-22 22:17:50,527 | INFO     | cv_module.events | Событие evt_026835: water (0.50)
2026-07-22 22:17:50,625 | INFO     | cv_module.events | Событие evt_026836: person (0.91)
2026-07-22 22:17:50,631 | INFO     | cv_module.events | Событие evt_026837: smoke (0.50)
2026-07-22 22:17:50,636 | INFO     | cv_module.events | Событие evt_026838: smoke (0.87)
2026-07-22 22:17:50,640 | INFO     | cv_module.events | Событие evt_026839: smoke (0.51)
2026-07-22 22:17:53,552 | INFO     | cv_module.pipeline | Обработка на паузе
2026-07-22 22:17:53,968 | INFO     | cv_module.input | Открыт видеофайл: C:\Users\16092007\SCANX\lichee-pi-4a-cv\videos\demo.mp4
2026-07-22 22:17:53,969 | INFO     | cv_module.pipeline | Обработка возобновлена: C:\Users\16092007\SCANX\lichee-pi-4a-cv\videos\demo.mp4
2026-07-22 22:17:54,083 | INFO     | cv_module.events | Событие evt_026840: person (0.92)
2026-07-22 22:17:54,088 | INFO     | cv_module.events | Событие evt_026841: vehicle (0.44)
2026-07-22 22:17:54,092 | INFO     | cv_module.events | Событие evt_026842: vehicle (0.07)
2026-07-22 22:17:54,098 | INFO     | cv_module.events | Событие evt_026843: smoke (0.51)
2026-07-22 22:17:54,102 | INFO     | cv_module.events | Событие evt_026844: water (0.49)
2026-07-22 22:17:54,260 | INFO     | cv_module.events | Событие evt_026845: smoke (0.51)
2026-07-22 22:17:54,335 | INFO     | cv_module.events | Событие evt_026846: vehicle (0.79)
2026-07-22 22:17:54,339 | INFO     | cv_module.events | Событие evt_026847: vehicle (0.08)
2026-07-22 22:17:54,343 | INFO     | cv_module.events | Событие evt_026848: vehicle (0.06)
2026-07-22 22:17:54,346 | INFO     | cv_module.events | Событие evt_026849: smoke (0.50)
2026-07-22 22:17:54,350 | INFO     | cv_module.events | Событие evt_026850: smoke (0.50)
2026-07-22 22:17:54,635 | INFO     | cv_module.events | Событие evt_026851: vehicle (0.16)
2026-07-22 22:17:54,639 | INFO     | cv_module.events | Событие evt_026852: vehicle (0.08)
2026-07-22 22:17:54,642 | INFO     | cv_module.events | Событие evt_026853: smoke (0.86)
2026-07-22 22:17:54,646 | INFO     | cv_module.events | Событие evt_026854: smoke (0.54)
2026-07-22 22:17:54,720 | INFO     | cv_module.events | Событие evt_026855: smoke (0.85)
2026-07-22 22:17:54,723 | INFO     | cv_module.events | Событие evt_026856: smoke (0.52)
2026-07-22 22:17:54,727 | INFO     | cv_module.events | Событие evt_026857: water (0.49)
2026-07-22 22:17:54,802 | INFO     | cv_module.events | Событие evt_026858: smoke (0.53)
2026-07-22 22:17:54,806 | INFO     | cv_module.events | Событие evt_026859: water (0.48)
2026-07-22 22:17:54,882 | INFO     | cv_module.events | Событие evt_026860: smoke (0.52)
2026-07-22 22:17:54,953 | INFO     | cv_module.events | Событие evt_026861: person (0.91)
2026-07-22 22:17:54,958 | INFO     | cv_module.events | Событие evt_026862: vehicle (0.35)
2026-07-22 22:17:54,962 | INFO     | cv_module.events | Событие evt_026863: smoke (0.51)
2026-07-22 22:17:54,966 | INFO     | cv_module.events | Событие evt_026864: smoke (0.53)
2026-07-22 22:17:54,970 | INFO     | cv_module.events | Событие evt_026865: smoke (0.51)
2026-07-22 22:17:55,112 | INFO     | cv_module.events | Событие evt_026866: water (0.48)
2026-07-22 22:17:55,188 | INFO     | cv_module.events | Событие evt_026867: vehicle (0.71)
2026-07-22 22:17:55,194 | INFO     | cv_module.events | Событие evt_026868: smoke (0.50)
2026-07-22 22:17:55,199 | INFO     | cv_module.events | Событие evt_026869: smoke (0.88)
2026-07-22 22:17:55,202 | INFO     | cv_module.events | Событие evt_026870: water (0.48)
2026-07-22 22:17:55,273 | INFO     | cv_module.events | Событие evt_026871: smoke (0.50)
2026-07-22 22:17:55,278 | INFO     | cv_module.events | Событие evt_026872: smoke (0.50)
2026-07-22 22:17:55,346 | INFO     | cv_module.events | Событие evt_026873: water (0.48)
2026-07-22 22:17:55,421 | INFO     | cv_module.events | Событие evt_026874: person (0.91)
2026-07-22 22:17:55,425 | INFO     | cv_module.events | Событие evt_026875: vehicle (0.07)
2026-07-22 22:17:55,429 | INFO     | cv_module.events | Событие evt_026876: smoke (0.52)
2026-07-22 22:17:55,501 | INFO     | cv_module.events | Событие evt_026877: person (0.91)
2026-07-22 22:17:55,505 | INFO     | cv_module.events | Событие evt_026878: smoke (0.51)
2026-07-22 22:17:55,508 | INFO     | cv_module.events | Событие evt_026879: water (0.49)
2026-07-22 22:17:55,576 | INFO     | cv_module.events | Событие evt_026880: vehicle (0.06)
2026-07-22 22:17:55,581 | INFO     | cv_module.events | Событие evt_026881: smoke (0.50)
2026-07-22 22:17:55,584 | INFO     | cv_module.events | Событие evt_026882: smoke (0.51)
2026-07-22 22:17:55,658 | INFO     | cv_module.events | Событие evt_026883: vehicle (0.45)
2026-07-22 22:17:55,662 | INFO     | cv_module.events | Событие evt_026884: water (0.50)
2026-07-22 22:17:55,734 | INFO     | cv_module.events | Событие evt_026885: person (0.93)
2026-07-22 22:17:55,737 | INFO     | cv_module.events | Событие evt_026886: smoke (0.51)
2026-07-22 22:17:55,811 | INFO     | cv_module.events | Событие evt_026887: smoke (0.83)
2026-07-22 22:17:55,816 | INFO     | cv_module.events | Событие evt_026888: smoke (0.53)
2026-07-22 22:17:55,883 | INFO     | cv_module.events | Событие evt_026889: vehicle (0.44)
2026-07-22 22:17:55,887 | INFO     | cv_module.events | Событие evt_026890: smoke (0.51)
2026-07-22 22:17:55,891 | INFO     | cv_module.events | Событие evt_026891: smoke (0.51)
2026-07-22 22:17:56,173 | INFO     | cv_module.events | Событие evt_026892: smoke (0.84)
2026-07-22 22:17:56,177 | INFO     | cv_module.events | Событие evt_026893: smoke (0.51)
2026-07-22 22:17:56,181 | INFO     | cv_module.events | Событие evt_026894: smoke (0.50)
2026-07-22 22:17:56,255 | INFO     | cv_module.events | Событие evt_026895: person (0.93)
2026-07-22 22:17:56,260 | INFO     | cv_module.events | Событие evt_026896: smoke (0.51)
2026-07-22 22:17:56,332 | INFO     | cv_module.events | Событие evt_026897: smoke (0.50)
2026-07-22 22:17:56,337 | INFO     | cv_module.events | Событие evt_026898: smoke (0.87)
2026-07-22 22:17:56,341 | INFO     | cv_module.events | Событие evt_026899: water (0.50)
2026-07-22 22:17:56,415 | INFO     | cv_module.events | Событие evt_026900: person (0.91)
2026-07-22 22:17:56,419 | INFO     | cv_module.events | Событие evt_026901: smoke (0.50)
2026-07-22 22:17:56,423 | INFO     | cv_module.events | Событие evt_026902: smoke (0.87)
2026-07-22 22:17:56,426 | INFO     | cv_module.events | Событие evt_026903: smoke (0.51)
2026-07-22 22:17:56,494 | INFO     | cv_module.events | Событие evt_026904: vehicle (0.27)
2026-07-22 22:17:56,501 | INFO     | cv_module.events | Событие evt_026905: smoke (0.51)
2026-07-22 22:17:56,635 | INFO     | cv_module.events | Событие evt_026906: water (0.47)
2026-07-22 22:17:56,639 | INFO     | cv_module.events | Событие evt_026907: water (0.48)
2026-07-22 22:17:56,709 | INFO     | cv_module.events | Событие evt_026908: smoke (0.50)
2026-07-22 22:17:56,713 | INFO     | cv_module.events | Событие evt_026909: smoke (0.52)
2026-07-22 22:17:56,716 | INFO     | cv_module.events | Событие evt_026910: smoke (0.51)
2026-07-22 22:17:56,789 | INFO     | cv_module.events | Событие evt_026911: vehicle (0.55)
2026-07-22 22:17:56,859 | INFO     | cv_module.events | Событие evt_026912: person (0.05)
2026-07-22 22:17:56,864 | INFO     | cv_module.events | Событие evt_026913: smoke (0.86)
2026-07-22 22:17:56,868 | INFO     | cv_module.events | Событие evt_026914: smoke (0.52)
2026-07-22 22:17:56,871 | INFO     | cv_module.events | Событие evt_026915: smoke (0.50)
2026-07-22 22:17:56,875 | INFO     | cv_module.events | Событие evt_026916: water (0.50)
2026-07-22 22:17:56,942 | INFO     | cv_module.events | Событие evt_026917: person (0.91)
2026-07-22 22:17:57,020 | INFO     | cv_module.events | Событие evt_026918: smoke (0.52)
2026-07-22 22:17:57,023 | INFO     | cv_module.events | Событие evt_026919: smoke (0.86)
2026-07-22 22:17:57,094 | INFO     | cv_module.events | Событие evt_026920: person (0.90)
2026-07-22 22:17:57,099 | INFO     | cv_module.events | Событие evt_026921: smoke (0.51)
2026-07-22 22:17:57,178 | INFO     | cv_module.events | Событие evt_026922: smoke (0.50)
2026-07-22 22:17:57,248 | INFO     | cv_module.events | Событие evt_026923: smoke (0.50)
2026-07-22 22:17:57,320 | INFO     | cv_module.events | Событие evt_026924: smoke (0.50)
2026-07-22 22:17:57,400 | INFO     | cv_module.events | Событие evt_026925: vehicle (0.26)
2026-07-22 22:17:57,405 | INFO     | cv_module.events | Событие evt_026926: smoke (0.51)
2026-07-22 22:17:57,557 | INFO     | cv_module.events | Событие evt_026927: smoke (0.50)
2026-07-22 22:17:57,562 | INFO     | cv_module.events | Событие evt_026928: smoke (0.50)
2026-07-22 22:17:57,567 | INFO     | cv_module.events | Событие evt_026929: smoke (0.51)
2026-07-22 22:17:57,639 | INFO     | cv_module.events | Событие evt_026930: person (0.92)
2026-07-22 22:17:57,643 | INFO     | cv_module.events | Событие evt_026931: smoke (0.50)
2026-07-22 22:17:57,647 | INFO     | cv_module.events | Событие evt_026932: smoke (0.51)
2026-07-22 22:17:57,720 | INFO     | cv_module.events | Событие evt_026933: person (0.91)
2026-07-22 22:17:57,724 | INFO     | cv_module.events | Событие evt_026934: vehicle (0.70)
2026-07-22 22:17:57,729 | INFO     | cv_module.events | Событие evt_026935: smoke (0.87)
2026-07-22 22:17:57,733 | INFO     | cv_module.events | Событие evt_026936: smoke (0.51)
2026-07-22 22:17:57,736 | INFO     | cv_module.events | Событие evt_026937: smoke (0.50)
2026-07-22 22:17:57,739 | INFO     | cv_module.events | Событие evt_026938: smoke (0.51)
2026-07-22 22:17:57,743 | INFO     | cv_module.events | Событие evt_026939: smoke (0.50)
2026-07-22 22:17:57,747 | INFO     | cv_module.events | Событие evt_026940: water (0.51)
2026-07-22 22:17:57,819 | INFO     | cv_module.events | Событие evt_026941: smoke (0.50)
2026-07-22 22:17:57,823 | INFO     | cv_module.events | Событие evt_026942: smoke (0.51)
2026-07-22 22:17:57,828 | INFO     | cv_module.events | Событие evt_026943: smoke (0.88)
2026-07-22 22:17:57,832 | INFO     | cv_module.events | Событие evt_026944: smoke (0.50)
2026-07-22 22:17:57,902 | INFO     | cv_module.events | Событие evt_026945: vehicle (0.07)
2026-07-22 22:17:57,973 | INFO     | cv_module.events | Событие evt_026946: person (0.88)
2026-07-22 22:17:57,976 | INFO     | cv_module.events | Событие evt_026947: vehicle (0.33)
2026-07-22 22:17:57,980 | INFO     | cv_module.events | Событие evt_026948: smoke (0.51)
2026-07-22 22:17:57,983 | INFO     | cv_module.events | Событие evt_026949: smoke (0.52)
2026-07-22 22:17:57,987 | INFO     | cv_module.events | Событие evt_026950: smoke (0.51)
2026-07-22 22:17:57,991 | INFO     | cv_module.events | Событие evt_026951: water (0.49)
2026-07-22 22:17:58,062 | INFO     | cv_module.events | Событие evt_026952: smoke (0.50)
2026-07-22 22:17:58,068 | INFO     | cv_module.events | Событие evt_026953: smoke (0.88)
2026-07-22 22:17:58,073 | INFO     | cv_module.events | Событие evt_026954: smoke (0.51)
2026-07-22 22:17:58,077 | INFO     | cv_module.events | Событие evt_026955: water (0.49)
2026-07-22 22:17:58,149 | INFO     | cv_module.events | Событие evt_026956: vehicle (0.68)
2026-07-22 22:17:58,219 | INFO     | cv_module.events | Событие evt_026957: smoke (0.87)
2026-07-22 22:17:58,224 | INFO     | cv_module.events | Событие evt_026958: smoke (0.51)
2026-07-22 22:17:58,228 | INFO     | cv_module.events | Событие evt_026959: smoke (0.52)
2026-07-22 22:17:58,231 | INFO     | cv_module.events | Событие evt_026960: smoke (0.50)
2026-07-22 22:17:58,305 | INFO     | cv_module.events | Событие evt_026961: person (0.86)
2026-07-22 22:17:58,309 | INFO     | cv_module.events | Событие evt_026962: smoke (0.50)
2026-07-22 22:17:58,313 | INFO     | cv_module.events | Событие evt_026963: water (0.50)
2026-07-22 22:17:58,387 | INFO     | cv_module.events | Событие evt_026964: smoke (0.50)
2026-07-22 22:17:58,463 | INFO     | cv_module.events | Событие evt_026965: vehicle (0.06)
2026-07-22 22:17:58,467 | INFO     | cv_module.events | Событие evt_026966: smoke (0.51)
2026-07-22 22:17:58,538 | INFO     | cv_module.events | Событие evt_026967: person (0.92)
2026-07-22 22:17:58,541 | INFO     | cv_module.events | Событие evt_026968: vehicle (0.18)
2026-07-22 22:17:58,545 | INFO     | cv_module.events | Событие evt_026969: smoke (0.51)
2026-07-22 22:17:58,620 | INFO     | cv_module.events | Событие evt_026970: person (0.90)
2026-07-22 22:17:58,625 | INFO     | cv_module.events | Событие evt_026971: water (0.49)
2026-07-22 22:17:58,699 | INFO     | cv_module.events | Событие evt_026972: person (0.88)
2026-07-22 22:17:58,704 | INFO     | cv_module.events | Событие evt_026973: vehicle (0.09)
2026-07-22 22:17:58,709 | INFO     | cv_module.events | Событие evt_026974: smoke (0.91)
2026-07-22 22:17:58,714 | INFO     | cv_module.events | Событие evt_026975: smoke (0.51)
2026-07-22 22:17:58,717 | INFO     | cv_module.events | Событие evt_026976: water (0.49)
2026-07-22 22:17:58,791 | INFO     | cv_module.events | Событие evt_026977: vehicle (0.55)
2026-07-22 22:17:58,796 | INFO     | cv_module.events | Событие evt_026978: smoke (0.52)
2026-07-22 22:17:58,802 | INFO     | cv_module.events | Событие evt_026979: smoke (0.87)
2026-07-22 22:17:58,811 | INFO     | cv_module.events | Событие evt_026980: smoke (0.51)
2026-07-22 22:17:58,815 | INFO     | cv_module.events | Событие evt_026981: smoke (0.51)
2026-07-22 22:17:58,819 | INFO     | cv_module.events | Событие evt_026982: smoke (0.50)
2026-07-22 22:17:58,822 | INFO     | cv_module.events | Событие evt_026983: water (0.48)
2026-07-22 22:17:58,893 | INFO     | cv_module.events | Событие evt_026984: smoke (0.50)
2026-07-22 22:17:58,970 | INFO     | cv_module.events | Событие evt_026985: person (0.11)
2026-07-22 22:17:58,974 | INFO     | cv_module.events | Событие evt_026986: smoke (0.86)
2026-07-22 22:17:58,978 | INFO     | cv_module.events | Событие evt_026987: smoke (0.51)
2026-07-22 22:17:58,982 | INFO     | cv_module.events | Событие evt_026988: water (0.48)
2026-07-22 22:17:59,054 | INFO     | cv_module.events | Событие evt_026989: vehicle (0.32)
2026-07-22 22:17:59,059 | INFO     | cv_module.events | Событие evt_026990: smoke (0.51)
2026-07-22 22:17:59,064 | INFO     | cv_module.events | Событие evt_026991: smoke (0.50)
2026-07-22 22:17:59,068 | INFO     | cv_module.events | Событие evt_026992: smoke (0.52)
2026-07-22 22:17:59,072 | INFO     | cv_module.events | Событие evt_026993: water (0.48)
2026-07-22 22:17:59,141 | INFO     | cv_module.events | Событие evt_026994: person (0.86)
2026-07-22 22:17:59,147 | INFO     | cv_module.events | Событие evt_026995: vehicle (0.06)
2026-07-22 22:17:59,152 | INFO     | cv_module.events | Событие evt_026996: smoke (0.51)
2026-07-22 22:17:59,156 | INFO     | cv_module.events | Событие evt_026997: smoke (0.51)
2026-07-22 22:17:59,161 | INFO     | cv_module.events | Событие evt_026998: water (0.47)
2026-07-22 22:17:59,165 | INFO     | cv_module.events | Событие evt_026999: water (0.46)
2026-07-22 22:17:59,232 | INFO     | cv_module.events | Событие evt_027000: vehicle (0.39)
2026-07-22 22:17:59,237 | INFO     | cv_module.events | Событие evt_027001: smoke (0.50)
2026-07-22 22:17:59,241 | INFO     | cv_module.events | Событие evt_027002: smoke (0.52)
2026-07-22 22:17:59,244 | INFO     | cv_module.events | Событие evt_027003: smoke (0.51)
2026-07-22 22:17:59,248 | INFO     | cv_module.events | Событие evt_027004: smoke (0.50)
2026-07-22 22:17:59,252 | INFO     | cv_module.events | Событие evt_027005: water (0.49)
2026-07-22 22:17:59,322 | INFO     | cv_module.events | Событие evt_027006: person (0.07)
2026-07-22 22:17:59,327 | INFO     | cv_module.events | Событие evt_027007: smoke (0.88)
2026-07-22 22:17:59,331 | INFO     | cv_module.events | Событие evt_027008: smoke (0.50)
2026-07-22 22:17:59,406 | INFO     | cv_module.events | Событие evt_027009: smoke (0.89)
2026-07-22 22:17:59,410 | INFO     | cv_module.events | Событие evt_027010: smoke (0.50)
2026-07-22 22:17:59,484 | INFO     | cv_module.events | Событие evt_027011: person (0.87)
2026-07-22 22:17:59,488 | INFO     | cv_module.events | Событие evt_027012: vehicle (0.11)
2026-07-22 22:17:59,493 | INFO     | cv_module.events | Событие evt_027013: smoke (0.51)
2026-07-22 22:17:59,498 | INFO     | cv_module.events | Событие evt_027014: smoke (0.50)
2026-07-22 22:17:59,504 | INFO     | cv_module.events | Событие evt_027015: smoke (0.50)
2026-07-22 22:17:59,510 | INFO     | cv_module.events | Событие evt_027016: water (0.51)
2026-07-22 22:17:59,579 | INFO     | cv_module.events | Событие evt_027017: person (0.90)
2026-07-22 22:17:59,583 | INFO     | cv_module.events | Событие evt_027018: vehicle (0.19)
2026-07-22 22:17:59,587 | INFO     | cv_module.events | Событие evt_027019: smoke (0.51)
2026-07-22 22:17:59,590 | INFO     | cv_module.events | Событие evt_027020: water (0.51)
2026-07-22 22:17:59,663 | INFO     | cv_module.events | Событие evt_027021: vehicle (0.35)
2026-07-22 22:17:59,667 | INFO     | cv_module.events | Событие evt_027022: smoke (0.51)
2026-07-22 22:17:59,671 | INFO     | cv_module.events | Событие evt_027023: smoke (0.88)
2026-07-22 22:17:59,742 | INFO     | cv_module.events | Событие evt_027024: person (0.09)
2026-07-22 22:17:59,746 | INFO     | cv_module.events | Событие evt_027025: smoke (0.51)
2026-07-22 22:17:59,750 | INFO     | cv_module.events | Событие evt_027026: smoke (0.50)
2026-07-22 22:17:59,754 | INFO     | cv_module.events | Событие evt_027027: smoke (0.51)
2026-07-22 22:17:59,757 | INFO     | cv_module.events | Событие evt_027028: smoke (0.50)
2026-07-22 22:17:59,827 | INFO     | cv_module.events | Событие evt_027029: person (0.84)
2026-07-22 22:17:59,831 | INFO     | cv_module.events | Событие evt_027030: water (0.50)
2026-07-22 22:17:59,961 | INFO     | cv_module.events | Событие evt_027031: smoke (0.50)
2026-07-22 22:18:00,038 | INFO     | cv_module.events | Событие evt_027032: smoke (0.52)
2026-07-22 22:18:00,043 | INFO     | cv_module.events | Событие evt_027033: smoke (0.51)
2026-07-22 22:18:00,047 | INFO     | cv_module.events | Событие evt_027034: smoke (0.50)
2026-07-22 22:18:00,050 | INFO     | cv_module.events | Событие evt_027035: water (0.49)
2026-07-22 22:18:00,128 | INFO     | cv_module.events | Событие evt_027036: person (0.83)
2026-07-22 22:18:00,150 | INFO     | cv_module.events | Событие evt_027037: vehicle (0.25)
2026-07-22 22:18:00,154 | INFO     | cv_module.events | Событие evt_027038: water (0.49)
2026-07-22 22:18:00,222 | INFO     | cv_module.events | Событие evt_027039: vehicle (0.05)
2026-07-22 22:18:00,227 | INFO     | cv_module.events | Событие evt_027040: smoke (0.51)
2026-07-22 22:18:00,500 | INFO     | cv_module.events | Событие evt_027041: person (0.75)
2026-07-22 22:18:00,504 | INFO     | cv_module.events | Событие evt_027042: vehicle (0.48)
2026-07-22 22:18:00,508 | INFO     | cv_module.events | Событие evt_027043: person (0.07)
2026-07-22 22:18:00,512 | INFO     | cv_module.events | Событие evt_027044: no_helmet (0.85)
2026-07-22 22:18:00,516 | INFO     | cv_module.events | Событие evt_027045: smoke (0.93)
2026-07-22 22:18:00,520 | INFO     | cv_module.events | Событие evt_027046: water (0.48)
2026-07-22 22:18:00,597 | INFO     | cv_module.events | Событие evt_027047: smoke (0.88)
2026-07-22 22:18:00,602 | INFO     | cv_module.events | Событие evt_027048: smoke (0.50)
2026-07-22 22:18:00,606 | INFO     | cv_module.events | Событие evt_027049: smoke (0.54)
2026-07-22 22:18:00,610 | INFO     | cv_module.events | Событие evt_027050: smoke (0.50)
2026-07-22 22:18:00,613 | INFO     | cv_module.events | Событие evt_027051: water (0.48)
2026-07-22 22:18:00,683 | INFO     | cv_module.events | Событие evt_027052: smoke (0.51)
2026-07-22 22:18:00,687 | INFO     | cv_module.events | Событие evt_027053: water (0.48)
2026-07-22 22:18:00,764 | INFO     | cv_module.events | Событие evt_027054: smoke (0.51)
2026-07-22 22:18:00,770 | INFO     | cv_module.events | Событие evt_027055: smoke (0.50)
2026-07-22 22:18:00,774 | INFO     | cv_module.events | Событие evt_027056: smoke (0.89)
2026-07-22 22:18:00,778 | INFO     | cv_module.events | Событие evt_027057: smoke (0.52)
2026-07-22 22:18:00,782 | INFO     | cv_module.events | Событие evt_027058: smoke (0.51)
2026-07-22 22:18:00,858 | INFO     | cv_module.events | Событие evt_027059: vehicle (0.14)
2026-07-22 22:18:01,160 | INFO     | cv_module.events | Событие evt_027060: water (0.49)
2026-07-22 22:18:01,237 | INFO     | cv_module.events | Событие evt_027061: smoke (0.51)
2026-07-22 22:18:01,243 | INFO     | cv_module.events | Событие evt_027062: water (0.46)
2026-07-22 22:18:01,247 | INFO     | cv_module.events | Событие evt_027063: water (0.47)
2026-07-22 22:18:01,326 | INFO     | cv_module.events | Событие evt_027064: person (0.83)
2026-07-22 22:18:01,332 | INFO     | cv_module.events | Событие evt_027065: vehicle (0.62)
2026-07-22 22:18:01,337 | INFO     | cv_module.events | Событие evt_027066: vehicle (0.06)
2026-07-22 22:18:01,341 | INFO     | cv_module.events | Событие evt_027067: smoke (0.51)
2026-07-22 22:18:01,487 | INFO     | cv_module.events | Событие evt_027068: smoke (0.51)
2026-07-22 22:18:01,492 | INFO     | cv_module.events | Событие evt_027069: water (0.48)
2026-07-22 22:18:01,571 | INFO     | cv_module.events | Событие evt_027070: smoke (0.50)
2026-07-22 22:18:01,576 | INFO     | cv_module.events | Событие evt_027071: smoke (0.50)
2026-07-22 22:18:01,656 | INFO     | cv_module.events | Событие evt_027072: smoke (0.89)
2026-07-22 22:18:01,661 | INFO     | cv_module.events | Событие evt_027073: smoke (0.50)
2026-07-22 22:18:01,666 | INFO     | cv_module.events | Событие evt_027074: water (0.48)
2026-07-22 22:18:01,888 | INFO     | cv_module.events | Событие evt_027075: person (0.35)
2026-07-22 22:18:01,894 | INFO     | cv_module.events | Событие evt_027076: smoke (0.50)
2026-07-22 22:18:01,974 | INFO     | cv_module.events | Событие evt_027077: water (0.48)
2026-07-22 22:18:02,051 | INFO     | cv_module.events | Событие evt_027078: smoke (0.51)
2026-07-22 22:18:02,056 | INFO     | cv_module.events | Событие evt_027079: smoke (0.51)
2026-07-22 22:18:02,135 | INFO     | cv_module.events | Событие evt_027080: person (0.81)
2026-07-22 22:18:02,141 | INFO     | cv_module.events | Событие evt_027081: vehicle (0.09)
2026-07-22 22:18:02,146 | INFO     | cv_module.events | Событие evt_027082: smoke (0.92)
2026-07-22 22:18:02,150 | INFO     | cv_module.events | Событие evt_027083: smoke (0.51)
2026-07-22 22:18:02,155 | INFO     | cv_module.events | Событие evt_027084: water (0.47)
2026-07-22 22:18:02,230 | INFO     | cv_module.events | Событие evt_027085: smoke (0.50)
2026-07-22 22:18:02,303 | INFO     | cv_module.events | Событие evt_027086: vehicle (0.66)
2026-07-22 22:18:02,308 | INFO     | cv_module.events | Событие evt_027087: smoke (0.51)
2026-07-22 22:18:02,313 | INFO     | cv_module.events | Событие evt_027088: smoke (0.50)
2026-07-22 22:18:02,390 | INFO     | cv_module.events | Событие evt_027089: person (0.80)
2026-07-22 22:18:02,396 | INFO     | cv_module.events | Событие evt_027090: no_helmet (0.85)
2026-07-22 22:18:02,402 | INFO     | cv_module.events | Событие evt_027091: smoke (0.51)
2026-07-22 22:18:02,406 | INFO     | cv_module.events | Событие evt_027092: smoke (0.50)
2026-07-22 22:18:02,555 | INFO     | cv_module.events | Событие evt_027093: vehicle (0.06)
2026-07-22 22:18:02,561 | INFO     | cv_module.events | Событие evt_027094: smoke (0.51)
2026-07-22 22:18:02,565 | INFO     | cv_module.events | Событие evt_027095: smoke (0.51)
2026-07-22 22:18:02,646 | INFO     | cv_module.events | Событие evt_027096: person (0.85)
2026-07-22 22:18:02,652 | INFO     | cv_module.events | Событие evt_027097: smoke (0.51)
2026-07-22 22:18:02,727 | INFO     | cv_module.events | Событие evt_027098: vehicle (0.08)
2026-07-22 22:18:02,732 | INFO     | cv_module.events | Событие evt_027099: vehicle (0.06)
2026-07-22 22:18:02,738 | INFO     | cv_module.events | Событие evt_027100: smoke (0.52)
2026-07-22 22:18:02,743 | INFO     | cv_module.events | Событие evt_027101: smoke (0.51)
2026-07-22 22:18:02,822 | INFO     | cv_module.events | Событие evt_027102: vehicle (0.23)
2026-07-22 22:18:02,826 | INFO     | cv_module.events | Событие evt_027103: smoke (0.90)
2026-07-22 22:18:02,831 | INFO     | cv_module.events | Событие evt_027104: smoke (0.51)
2026-07-22 22:18:02,835 | INFO     | cv_module.events | Событие evt_027105: water (0.47)
2026-07-22 22:18:02,980 | INFO     | cv_module.events | Событие evt_027106: water (0.49)
2026-07-22 22:18:03,054 | INFO     | cv_module.events | Событие evt_027107: vehicle (0.49)
2026-07-22 22:18:03,059 | INFO     | cv_module.events | Событие evt_027108: smoke (0.51)
2026-07-22 22:18:03,207 | INFO     | cv_module.events | Событие evt_027109: smoke (0.52)
2026-07-22 22:18:03,211 | INFO     | cv_module.events | Событие evt_027110: water (0.46)
2026-07-22 22:18:03,434 | INFO     | cv_module.events | Событие evt_027111: person (0.52)
2026-07-22 22:18:03,667 | INFO     | cv_module.events | Событие evt_027112: person (0.60)
2026-07-22 22:18:03,747 | INFO     | cv_module.events | Событие evt_027113: water (0.49)
2026-07-22 22:18:03,820 | INFO     | cv_module.events | Событие evt_027114: vehicle (0.09)
2026-07-22 22:18:03,894 | INFO     | cv_module.events | Событие evt_027115: smoke (0.50)
2026-07-22 22:18:04,108 | INFO     | cv_module.events | Событие evt_027116: person (0.65)
2026-07-22 22:18:04,114 | INFO     | cv_module.events | Событие evt_027117: water (0.48)
2026-07-22 22:18:04,192 | INFO     | cv_module.events | Событие evt_027118: water (0.48)
2026-07-22 22:18:04,270 | INFO     | cv_module.events | Событие evt_027119: smoke (0.51)
2026-07-22 22:18:04,347 | INFO     | cv_module.events | Событие evt_027120: person (0.66)
2026-07-22 22:18:04,497 | INFO     | cv_module.events | Событие evt_027121: water (0.49)
2026-07-22 22:18:04,572 | INFO     | cv_module.events | Событие evt_027122: smoke (0.51)
2026-07-22 22:18:04,650 | INFO     | cv_module.events | Событие evt_027123: person (0.43)
2026-07-22 22:18:04,655 | INFO     | cv_module.events | Событие evt_027124: vehicle (0.14)
2026-07-22 22:18:04,660 | INFO     | cv_module.events | Событие evt_027125: smoke (0.91)
2026-07-22 22:18:04,665 | INFO     | cv_module.events | Событие evt_027126: smoke (0.51)
2026-07-22 22:18:04,670 | INFO     | cv_module.events | Событие evt_027127: water (0.49)
2026-07-22 22:18:04,743 | INFO     | cv_module.events | Событие evt_027128: vehicle (0.47)
2026-07-22 22:18:04,750 | INFO     | cv_module.events | Событие evt_027129: smoke (0.50)
2026-07-22 22:18:04,754 | INFO     | cv_module.events | Событие evt_027130: smoke (0.51)
2026-07-22 22:18:04,904 | INFO     | cv_module.events | Событие evt_027131: smoke (0.51)
2026-07-22 22:18:04,910 | INFO     | cv_module.events | Событие evt_027132: water (0.49)
2026-07-22 22:18:04,986 | INFO     | cv_module.events | Событие evt_027133: person (0.19)
2026-07-22 22:18:04,990 | INFO     | cv_module.events | Событие evt_027134: water (0.49)
2026-07-22 22:18:05,067 | INFO     | cv_module.events | Событие evt_027135: person (0.41)
2026-07-22 22:18:05,072 | INFO     | cv_module.events | Событие evt_027136: vehicle (0.10)
2026-07-22 22:18:05,221 | INFO     | cv_module.events | Событие evt_027137: vehicle (0.05)
2026-07-22 22:18:05,295 | INFO     | cv_module.events | Событие evt_027138: smoke (0.50)
2026-07-22 22:18:05,374 | INFO     | cv_module.events | Событие evt_027139: smoke (0.92)
2026-07-22 22:18:05,380 | INFO     | cv_module.events | Событие evt_027140: smoke (0.51)
2026-07-22 22:18:05,454 | INFO     | cv_module.events | Событие evt_027141: vehicle (0.07)
2026-07-22 22:18:05,459 | INFO     | cv_module.events | Событие evt_027142: water (0.49)
2026-07-22 22:18:05,613 | INFO     | cv_module.events | Событие evt_027143: water (0.48)
2026-07-22 22:18:05,760 | INFO     | cv_module.events | Событие evt_027144: vehicle (0.06)
2026-07-22 22:18:05,910 | INFO     | cv_module.events | Событие evt_027145: water (0.49)
2026-07-22 22:18:05,988 | INFO     | cv_module.events | Событие evt_027146: person (0.07)
2026-07-22 22:18:05,992 | INFO     | cv_module.events | Событие evt_027147: smoke (0.50)
2026-07-22 22:18:05,996 | INFO     | cv_module.events | Событие evt_027148: smoke (0.51)
2026-07-22 22:18:06,069 | INFO     | cv_module.events | Событие evt_027149: vehicle (0.55)
2026-07-22 22:18:06,074 | INFO     | cv_module.events | Событие evt_027150: vehicle (0.09)
2026-07-22 22:18:06,078 | INFO     | cv_module.events | Событие evt_027151: smoke (0.51)
2026-07-22 22:18:06,082 | INFO     | cv_module.events | Событие evt_027152: smoke (0.50)
2026-07-22 22:18:06,163 | INFO     | cv_module.events | Событие evt_027153: smoke (0.50)
2026-07-22 22:18:06,167 | INFO     | cv_module.events | Событие evt_027154: smoke (0.50)
2026-07-22 22:18:06,240 | INFO     | cv_module.events | Событие evt_027155: person (0.10)
2026-07-22 22:18:06,244 | INFO     | cv_module.events | Событие evt_027156: smoke (0.52)
2026-07-22 22:18:06,321 | INFO     | cv_module.events | Событие evt_027157: vehicle (0.08)
2026-07-22 22:18:06,326 | INFO     | cv_module.events | Событие evt_027158: water (0.48)
2026-07-22 22:18:06,404 | INFO     | cv_module.events | Событие evt_027159: smoke (0.94)
2026-07-22 22:18:06,410 | INFO     | cv_module.events | Событие evt_027160: smoke (0.51)
2026-07-22 22:18:06,485 | INFO     | cv_module.events | Событие evt_027161: person (0.70)
2026-07-22 22:18:06,490 | INFO     | cv_module.events | Событие evt_027162: water (0.48)
2026-07-22 22:18:06,568 | INFO     | cv_module.events | Событие evt_027163: water (0.49)
2026-07-22 22:18:06,795 | INFO     | cv_module.events | Событие evt_027164: person (0.77)
2026-07-22 22:18:06,873 | INFO     | cv_module.events | Событие evt_027165: smoke (0.51)
2026-07-22 22:18:07,237 | INFO     | cv_module.events | Событие evt_027166: water (0.48)
2026-07-22 22:18:07,385 | INFO     | cv_module.events | Событие evt_027167: person (0.09)
2026-07-22 22:18:07,389 | INFO     | cv_module.events | Событие evt_027168: water (0.48)
2026-07-22 22:18:07,470 | INFO     | cv_module.events | Событие evt_027169: smoke (0.51)
2026-07-22 22:18:07,475 | INFO     | cv_module.events | Событие evt_027170: water (0.48)
2026-07-22 22:18:07,549 | INFO     | cv_module.events | Событие evt_027171: vehicle (0.52)
2026-07-22 22:18:07,555 | INFO     | cv_module.events | Событие evt_027172: vehicle (0.16)
2026-07-22 22:18:07,714 | INFO     | cv_module.events | Событие evt_027173: water (0.48)
2026-07-22 22:18:07,856 | INFO     | cv_module.events | Событие evt_027174: person (0.07)
2026-07-22 22:18:07,933 | INFO     | cv_module.events | Событие evt_027175: person (0.31)
2026-07-22 22:18:07,938 | INFO     | cv_module.events | Событие evt_027176: person (0.08)
2026-07-22 22:18:07,943 | INFO     | cv_module.events | Событие evt_027177: smoke (0.51)
2026-07-22 22:18:07,947 | INFO     | cv_module.events | Событие evt_027178: water (0.48)
2026-07-22 22:18:08,023 | INFO     | cv_module.events | Событие evt_027179: vehicle (0.09)
2026-07-22 22:18:08,027 | INFO     | cv_module.events | Событие evt_027180: smoke (0.94)
2026-07-22 22:18:08,032 | INFO     | cv_module.events | Событие evt_027181: smoke (0.51)
2026-07-22 22:18:08,177 | INFO     | cv_module.events | Событие evt_027182: smoke (0.50)
2026-07-22 22:18:08,329 | INFO     | cv_module.events | Событие evt_027183: person (0.63)
2026-07-22 22:18:08,548 | INFO     | cv_module.events | Событие evt_027184: person (0.51)
2026-07-22 22:18:08,553 | INFO     | cv_module.events | Событие evt_027185: vehicle (0.08)
2026-07-22 22:18:08,558 | INFO     | cv_module.events | Событие evt_027186: smoke (0.50)
2026-07-22 22:18:08,563 | INFO     | cv_module.events | Событие evt_027187: water (0.48)
2026-07-22 22:18:08,638 | INFO     | cv_module.events | Событие evt_027188: water (0.48)
2026-07-22 22:18:08,714 | INFO     | cv_module.events | Событие evt_027189: water (0.46)
2026-07-22 22:18:08,790 | INFO     | cv_module.events | Событие evt_027190: person (0.71)
2026-07-22 22:18:08,796 | INFO     | cv_module.events | Событие evt_027191: smoke (0.51)
2026-07-22 22:18:08,875 | INFO     | cv_module.events | Событие evt_027192: vehicle (0.57)
2026-07-22 22:18:08,881 | INFO     | cv_module.events | Событие evt_027193: vehicle (0.06)
2026-07-22 22:18:08,959 | INFO     | cv_module.events | Событие evt_027194: vehicle (0.09)
2026-07-22 22:18:09,040 | INFO     | cv_module.events | Событие evt_027195: person (0.78)
2026-07-22 22:18:09,118 | INFO     | cv_module.events | Событие evt_027196: water (0.47)
2026-07-22 22:18:09,484 | INFO     | cv_module.events | Событие evt_027197: smoke (0.51)
2026-07-22 22:18:09,558 | INFO     | cv_module.events | Событие evt_027198: smoke (0.52)
2026-07-22 22:18:09,708 | INFO     | cv_module.events | Событие evt_027199: smoke (0.52)
2026-07-22 22:18:09,859 | INFO     | cv_module.pipeline | Обработка на паузе
2026-07-22 22:18:29,863 | INFO     | cv_module.inference.yolo | YOLO ONNX загружена: C:\Users\16092007\SCANX\lichee-pi-4a-cv\models\yolov8n.onnx
2026-07-22 22:18:48,324 | INFO     | cv_module.render | Render demo.mp4: 291 frames, 3016 detections
2026-07-22 22:18:53,679 | INFO     | cv_module.input | Открыт видеофайл: C:\Users\16092007\SCANX\lichee-pi-4a-cv\videos\demo.mp4
2026-07-22 22:18:53,681 | INFO     | cv_module.pipeline | Обработка запущена: C:\Users\16092007\SCANX\lichee-pi-4a-cv\videos\demo.mp4
2026-07-22 22:18:53,824 | INFO     | cv_module.events | Событие evt_027200: person (0.92)
2026-07-22 22:18:53,828 | INFO     | cv_module.events | Событие evt_027201: vehicle (0.07)
2026-07-22 22:18:53,833 | INFO     | cv_module.events | Событие evt_027202: smoke (0.87)
2026-07-22 22:18:53,836 | INFO     | cv_module.events | Событие evt_027203: smoke (0.53)
2026-07-22 22:18:53,839 | INFO     | cv_module.events | Событие evt_027204: water (0.49)
2026-07-22 22:18:53,920 | INFO     | cv_module.events | Событие evt_027205: smoke (0.90)
2026-07-22 22:18:54,089 | INFO     | cv_module.events | Событие evt_027206: vehicle (0.08)
2026-07-22 22:18:54,094 | INFO     | cv_module.events | Событие evt_027207: vehicle (0.06)
2026-07-22 22:18:54,099 | INFO     | cv_module.events | Событие evt_027208: smoke (0.50)
2026-07-22 22:18:54,103 | INFO     | cv_module.events | Событие evt_027209: smoke (0.50)
2026-07-22 22:18:54,408 | INFO     | cv_module.events | Событие evt_027210: vehicle (0.16)
2026-07-22 22:18:54,412 | INFO     | cv_module.events | Событие evt_027211: vehicle (0.08)
2026-07-22 22:18:54,418 | INFO     | cv_module.events | Событие evt_027212: smoke (0.54)
2026-07-22 22:18:54,421 | INFO     | cv_module.events | Событие evt_027213: smoke (0.51)
2026-07-22 22:18:54,498 | INFO     | cv_module.events | Событие evt_027214: vehicle (0.65)
2026-07-22 22:18:54,503 | INFO     | cv_module.events | Событие evt_027215: vehicle (0.38)
2026-07-22 22:18:54,507 | INFO     | cv_module.events | Событие evt_027216: smoke (0.85)
2026-07-22 22:18:54,511 | INFO     | cv_module.events | Событие evt_027217: smoke (0.52)
2026-07-22 22:18:54,515 | INFO     | cv_module.events | Событие evt_027218: water (0.49)
2026-07-22 22:18:54,608 | INFO     | cv_module.events | Событие evt_027219: water (0.48)
2026-07-22 22:18:54,688 | INFO     | cv_module.events | Событие evt_027220: smoke (0.52)
2026-07-22 22:18:54,778 | INFO     | cv_module.events | Событие evt_027221: person (0.91)
2026-07-22 22:18:54,782 | INFO     | cv_module.events | Событие evt_027222: smoke (0.51)
2026-07-22 22:18:54,786 | INFO     | cv_module.events | Событие evt_027223: smoke (0.86)
2026-07-22 22:18:54,789 | INFO     | cv_module.events | Событие evt_027224: smoke (0.53)
2026-07-22 22:18:54,951 | INFO     | cv_module.events | Событие evt_027225: water (0.48)
2026-07-22 22:18:55,033 | INFO     | cv_module.events | Событие evt_027226: smoke (0.50)
2026-07-22 22:18:55,039 | INFO     | cv_module.events | Событие evt_027227: smoke (0.88)
2026-07-22 22:18:55,044 | INFO     | cv_module.events | Событие evt_027228: water (0.48)
2026-07-22 22:18:55,117 | INFO     | cv_module.events | Событие evt_027229: smoke (0.50)
2026-07-22 22:18:55,123 | INFO     | cv_module.events | Событие evt_027230: smoke (0.50)
2026-07-22 22:18:55,203 | INFO     | cv_module.events | Событие evt_027231: water (0.48)
2026-07-22 22:18:55,205 | INFO     | cv_module.pipeline | Обработка на паузе
